Using pre-set license
Built from '2021.3/staging' branch; Version is '2021.3.31f1 (3409e2af086f) revision 3410402'; Using compiler version '192829333'; Build Type 'Release'
OS: 'Windows 11  (10.0.22621) 64bit CoreSingleLanguage' Language: 'tr' Physical Memory: 16251 MB
BatchMode: 1, IsHumanControllingUs: 0, StartBugReporterOnCrash: 0, Is64bit: 1, IsPro: 1

COMMAND LINE ARGUMENTS:
C:\Program Files\Unity\Hub\Editor\2021.3.31f1\Editor\Unity.exe
-adb2
-batchMode
-noUpm
-name
AssetImportWorker0
-projectPath
C:/Users/SoftwareQuenn/Desktop/ÖDEVLER/guncelkonu/guncelkonu
-logFile
Logs/AssetImportWorker0.log
-srvPort
56401
Successfully changed project path to: C:/Users/SoftwareQuenn/Desktop/ÖDEVLER/guncelkonu/guncelkonu
C:/Users/SoftwareQuenn/Desktop/ÖDEVLER/guncelkonu/guncelkonu
[UnityMemory] Configuration Parameters - Can be set up in boot.config
    "memorysetup-bucket-allocator-granularity=16"
    "memorysetup-bucket-allocator-bucket-count=8"
    "memorysetup-bucket-allocator-block-size=33554432"
    "memorysetup-bucket-allocator-block-count=8"
    "memorysetup-main-allocator-block-size=16777216"
    "memorysetup-thread-allocator-block-size=16777216"
    "memorysetup-gfx-main-allocator-block-size=16777216"
    "memorysetup-gfx-thread-allocator-block-size=16777216"
    "memorysetup-cache-allocator-block-size=4194304"
    "memorysetup-typetree-allocator-block-size=2097152"
    "memorysetup-profiler-bucket-allocator-granularity=16"
    "memorysetup-profiler-bucket-allocator-bucket-count=8"
    "memorysetup-profiler-bucket-allocator-block-size=33554432"
    "memorysetup-profiler-bucket-allocator-block-count=8"
    "memorysetup-profiler-allocator-block-size=16777216"
    "memorysetup-profiler-editor-allocator-block-size=1048576"
    "memorysetup-temp-allocator-size-main=16777216"
    "memorysetup-job-temp-allocator-block-size=2097152"
    "memorysetup-job-temp-allocator-block-size-background=1048576"
    "memorysetup-job-temp-allocator-reduction-small-platforms=262144"
    "memorysetup-temp-allocator-size-background-worker=32768"
    "memorysetup-temp-allocator-size-job-worker=262144"
    "memorysetup-temp-allocator-size-preload-manager=33554432"
    "memorysetup-temp-allocator-size-nav-mesh-worker=65536"
    "memorysetup-temp-allocator-size-audio-worker=65536"
    "memorysetup-temp-allocator-size-cloud-worker=32768"
    "memorysetup-temp-allocator-size-gi-baking-worker=262144"
    "memorysetup-temp-allocator-size-gfx=262144"
Player connection [20756] Host "[IP] 10.102.16.25 [Port] 0 [Flags] 2 [Guid] 3336365938 [EditorId] 3336365938 [Version] 1048832 [Id] WindowsEditor(7,LAPTOP-0OEJOI12) [Debug] 1 [PackageName] WindowsEditor [ProjectName] Editor" joined multi-casting on [225.0.0.222:54997]...

Player connection [20756] Host "[IP] 10.102.16.25 [Port] 0 [Flags] 2 [Guid] 3336365938 [EditorId] 3336365938 [Version] 1048832 [Id] WindowsEditor(7,LAPTOP-0OEJOI12) [Debug] 1 [PackageName] WindowsEditor [ProjectName] Editor" joined alternative multi-casting on [225.0.0.222:34997]...

[Physics::Module] Initialized MultithreadedJobDispatcher with {0} workers.
Refreshing native plugins compatible for Editor in 161.12 ms, found 6 plugins.
Preloading 2 native plugins for Editor in 5.51 ms.
Initialize engine version: 2021.3.31f1 (3409e2af086f)
[Subsystems] Discovering subsystems at path C:/Program Files/Unity/Hub/Editor/2021.3.31f1/Editor/Data/Resources/UnitySubsystems
[Subsystems] Discovering subsystems at path C:/Users/SoftwareQuenn/Desktop/ÖDEVLER/guncelkonu/guncelkonu/Assets
GfxDevice: creating device client; threaded=0; jobified=0
Direct3D:
    Version:  Direct3D 11.0 [level 11.1]
    Renderer: NVIDIA GeForce GTX 1650 Ti (ID=0x1f95)
    Vendor:   NVIDIA
    VRAM:     3962 MB
    Driver:   27.21.14.6230
Initialize mono
Mono path[0] = 'C:/Program Files/Unity/Hub/Editor/2021.3.31f1/Editor/Data/Managed'
Mono path[1] = 'C:/Program Files/Unity/Hub/Editor/2021.3.31f1/Editor/Data/MonoBleedingEdge/lib/mono/unityjit-win32'
Mono config path = 'C:/Program Files/Unity/Hub/Editor/2021.3.31f1/Editor/Data/MonoBleedingEdge/etc'
Using monoOptions --debugger-agent=transport=dt_socket,embedding=1,server=y,suspend=n,address=127.0.0.1:56956
Begin MonoManager ReloadAssembly
Registering precompiled unity dll's ...
Register platform support module: C:/Program Files/Unity/Hub/Editor/2021.3.31f1/Editor/Data/PlaybackEngines/WindowsStandaloneSupport/UnityEditor.WindowsStandalone.Extensions.dll
Registered in 0.007072 seconds.
Native extension for WindowsStandalone target not found
Refreshing native plugins compatible for Editor in 144.46 ms, found 6 plugins.
Preloading 2 native plugins for Editor in 0.24 ms.
Mono: successfully reloaded assembly
- Completed reload, in  1.288 seconds
Domain Reload Profiling:
	ReloadAssembly (1289ms)
		BeginReloadAssembly (207ms)
			ExecutionOrderSort (0ms)
			DisableScriptedObjects (0ms)
			BackupInstance (0ms)
			ReleaseScriptingObjects (0ms)
			CreateAndSetChildDomain (2ms)
		EndReloadAssembly (893ms)
			LoadAssemblies (201ms)
			RebuildTransferFunctionScriptingTraits (0ms)
			SetupTypeCache (233ms)
			ReleaseScriptCaches (0ms)
			RebuildScriptCaches (66ms)
			SetupLoadedEditorAssemblies (511ms)
				LogAssemblyErrors (0ms)
				InitializePlatformSupportModulesInManaged (14ms)
				SetLoadedEditorAssemblies (0ms)
				RefreshPlugins (145ms)
				BeforeProcessingInitializeOnLoad (2ms)
				ProcessInitializeOnLoadAttributes (252ms)
				ProcessInitializeOnLoadMethodAttributes (97ms)
				AfterProcessingInitializeOnLoad (0ms)
				EditorAssembliesLoaded (0ms)
			ExecutionOrderSort2 (0ms)
			AwakeInstancesAfterBackupRestoration (0ms)
Platform modules already initialized, skipping
Registering precompiled user dll's ...
Registered in 0.017176 seconds.
Begin MonoManager ReloadAssembly
Native extension for WindowsStandalone target not found
Refreshing native plugins compatible for Editor in 1.21 ms, found 6 plugins.
Preloading 2 native plugins for Editor in 0.18 ms.
Package Manager log level set to [2]
[Package Manager] Server::EnsureServerProcessIsRunning -- launch failed, reason: Unity was launched with the -noUpm command-line argument
[Package Manager] Cannot connect to Unity Package Manager local server
Mono: successfully reloaded assembly
- Completed reload, in  2.545 seconds
Domain Reload Profiling:
	ReloadAssembly (2547ms)
		BeginReloadAssembly (270ms)
			ExecutionOrderSort (0ms)
			DisableScriptedObjects (15ms)
			BackupInstance (0ms)
			ReleaseScriptingObjects (0ms)
			CreateAndSetChildDomain (38ms)
		EndReloadAssembly (2069ms)
			LoadAssemblies (193ms)
			RebuildTransferFunctionScriptingTraits (0ms)
			SetupTypeCache (606ms)
			ReleaseScriptCaches (1ms)
			RebuildScriptCaches (114ms)
			SetupLoadedEditorAssemblies (1118ms)
				LogAssemblyErrors (0ms)
				InitializePlatformSupportModulesInManaged (10ms)
				SetLoadedEditorAssemblies (1ms)
				RefreshPlugins (1ms)
				BeforeProcessingInitializeOnLoad (157ms)
				ProcessInitializeOnLoadAttributes (873ms)
				ProcessInitializeOnLoadMethodAttributes (60ms)
				AfterProcessingInitializeOnLoad (16ms)
				EditorAssembliesLoaded (0ms)
			ExecutionOrderSort2 (0ms)
			AwakeInstancesAfterBackupRestoration (12ms)
Platform modules already initialized, skipping
========================================================================
Worker process is ready to serve import requests
Launched and connected shader compiler UnityShaderCompiler.exe after 0.10 seconds
Refreshing native plugins compatible for Editor in 0.78 ms, found 6 plugins.
Preloading 2 native plugins for Editor in 0.15 ms.
Unloading 3132 Unused Serialized files (Serialized files now loaded: 0)
Unloading 47 unused Assets / (80.6 KB). Loaded Objects now: 3890.
Memory consumption went from 117.1 MB to 117.0 MB.
Total: 5.010100 ms (FindLiveObjects: 0.480000 ms CreateObjectMapping: 0.432100 ms MarkObjects: 3.930000 ms  DeleteObjects: 0.166100 ms)

AssetImportParameters requested are different than current active one (requested -> active):
  custom:video-decoder-ogg-theora: a1e56fd34408186e4bbccfd4996cb3dc -> 
  custom:container-muxer-webm: aa71ff27fc2769a1b78a27578f13a17b -> 
  custom:container-demuxer-webm: 4f35f7cbe854078d1ac9338744f61a02 -> 
  custom:video-encoder-webm-vp8: eb34c28f22e8b96e1ab97ce403110664 -> 
  custom:video-codec-MediaFoundation-h265: 746d11721c4dcdbdad8f713fa42b33f4 -> 
  custom:CustomObjectIndexerAttribute: bc11b3a6c3213fcdd17b65e7da85e133 -> 
  custom:audio-encoder-webm-vorbis: bf7c407c2cedff20999df2af8eb42d56 -> 
  custom:framework-win-MediaFoundation: 216162199b28c13a410421893ffa2e32 -> 
  custom:SearchIndexIgnoredProperties: e643bd26f0fe6173181afceb89e7c659 -> 
  custom:container-demuxer-ogg: 62fdf1f143b41e24485cea50d1cbac27 -> 
  custom:video-decoder-webm-vp8: 9c59270c3fd7afecdb556c50c9e8de78 -> 
  custom:audio-decoder-ogg-vorbis: bf7c407c2cedff20999df2af8eb42d56 -> 
========================================================================
Received Import Request.
  Time since last request: 14594.595283 seconds.
  path: Assets/Animals_FREE/Meshes/Pinguin_001.fbx
  artifactKey: Guid(e234e3a012c1abc41a72aa963ffc7e82) Importer(815301076,1909f56bfc062723c751e8b465ee728b)
Number of updated assets reloaded before import = 0
Start importing Assets/Animals_FREE/Meshes/Pinguin_001.fbx using Guid(e234e3a012c1abc41a72aa963ffc7e82) Importer(815301076,1909f56bfc062723c751e8b465ee728b)  -> (artifact id: '682ba3663831ff4fc2163481823a89af') in 0.819360 seconds 
Number of asset objects unloaded after import = 52
========================================================================
Received Import Request.
  Time since last request: 0.000035 seconds.
  path: Assets/Animals_FREE/Prefabs/Pinguin_001.prefab
  artifactKey: Guid(bc872a222baa3e541acaf7d390c1e9aa) Importer(815301076,1909f56bfc062723c751e8b465ee728b)
Number of updated assets reloaded before import = 0
Start importing Assets/Animals_FREE/Prefabs/Pinguin_001.prefab using Guid(bc872a222baa3e541acaf7d390c1e9aa) Importer(815301076,1909f56bfc062723c751e8b465ee728b)  -> (artifact id: 'af0e05a0b70c1d98c5728b5b26611c70') in 0.030396 seconds 
Number of asset objects unloaded after import = 101
========================================================================
Received Import Request.
  Time since last request: 0.000034 seconds.
  path: Assets/Animals_FREE/Prefabs/Deer_001.prefab
  artifactKey: Guid(ca0dce541d7415341be48fdb82b4e9c7) Importer(815301076,1909f56bfc062723c751e8b465ee728b)
Number of updated assets reloaded before import = 0
Start importing Assets/Animals_FREE/Prefabs/Deer_001.prefab using Guid(ca0dce541d7415341be48fdb82b4e9c7) Importer(815301076,1909f56bfc062723c751e8b465ee728b)  -> (artifact id: 'cfa8f87f720565c850a0a91911089c58') in 0.041199 seconds 
Number of asset objects unloaded after import = 153
========================================================================
Received Import Request.
  Time since last request: 0.000044 seconds.
  path: Assets/Animals_FREE/Prefabs/Dog_001.prefab
  artifactKey: Guid(adb11d902b2436d428d60c75729665a6) Importer(815301076,1909f56bfc062723c751e8b465ee728b)
Number of updated assets reloaded before import = 0
Start importing Assets/Animals_FREE/Prefabs/Dog_001.prefab using Guid(adb11d902b2436d428d60c75729665a6) Importer(815301076,1909f56bfc062723c751e8b465ee728b)  -> (artifact id: 'adb94a6efbf0d3f5a6d4d04afba1555c') in 0.036520 seconds 
Number of asset objects unloaded after import = 157
========================================================================
Received Import Request.
  Time since last request: 0.000025 seconds.
  path: Assets/Animals_FREE/Prefabs/Tiger_001.prefab
  artifactKey: Guid(cf7f1989a74b86c4d8527d5676d887eb) Importer(815301076,1909f56bfc062723c751e8b465ee728b)
Number of updated assets reloaded before import = 0
Start importing Assets/Animals_FREE/Prefabs/Tiger_001.prefab using Guid(cf7f1989a74b86c4d8527d5676d887eb) Importer(815301076,1909f56bfc062723c751e8b465ee728b)  -> (artifact id: 'f0933f005d5a5f380a2729fc318cc02b') in 0.033420 seconds 
Number of asset objects unloaded after import = 153
========================================================================
Received Import Request.
  Time since last request: 0.000029 seconds.
  path: Assets/Animals_FREE/Materials/Color.mat
  artifactKey: Guid(4bc6206bdc7c5144792f63d943f03532) Importer(815301076,1909f56bfc062723c751e8b465ee728b)
Number of updated assets reloaded before import = 0
Start importing Assets/Animals_FREE/Materials/Color.mat using Guid(4bc6206bdc7c5144792f63d943f03532) Importer(815301076,1909f56bfc062723c751e8b465ee728b)  -> (artifact id: '6724045e2b7609217fad138be605ac94') in 0.077383 seconds 
Number of asset objects unloaded after import = 2
========================================================================
Received Import Request.
  Time since last request: 0.000030 seconds.
  path: Assets/Animals_FREE
  artifactKey: Guid(19d73a82b3dabec4f91a34f03d06eedd) Importer(815301076,1909f56bfc062723c751e8b465ee728b)
Number of updated assets reloaded before import = 0
Start importing Assets/Animals_FREE using Guid(19d73a82b3dabec4f91a34f03d06eedd) Importer(815301076,1909f56bfc062723c751e8b465ee728b)  -> (artifact id: 'f110cf9deb79aa8c711176b8c266b888') in 0.015139 seconds 
Number of asset objects unloaded after import = 0
========================================================================
Received Import Request.
  Time since last request: 0.000023 seconds.
  path: Assets/Animals_FREE/Prefabs/Kitty_001.prefab
  artifactKey: Guid(013fa0d55df1c3841b8c569db9dd1ba6) Importer(815301076,1909f56bfc062723c751e8b465ee728b)
Number of updated assets reloaded before import = 0
Start importing Assets/Animals_FREE/Prefabs/Kitty_001.prefab using Guid(013fa0d55df1c3841b8c569db9dd1ba6) Importer(815301076,1909f56bfc062723c751e8b465ee728b)  -> (artifact id: '8db231ae969697e6bac58bf5c5e80d0c') in 0.025226 seconds 
Number of asset objects unloaded after import = 149
========================================================================
Received Import Request.
  Time since last request: 0.000067 seconds.
  path: Assets/Animals_FREE/Meshes/Horse_001.fbx
  artifactKey: Guid(65ec41fe8a55fc940a3edbd5c8527f79) Importer(815301076,1909f56bfc062723c751e8b465ee728b)
Number of updated assets reloaded before import = 0
Start importing Assets/Animals_FREE/Meshes/Horse_001.fbx using Guid(65ec41fe8a55fc940a3edbd5c8527f79) Importer(815301076,1909f56bfc062723c751e8b465ee728b)  -> (artifact id: '6fc676f1a45e54c4bc567c1c24c7c75b') in 0.038091 seconds 
Number of asset objects unloaded after import = 82
========================================================================
Received Prepare
Registering precompiled user dll's ...
Registered in 0.012390 seconds.
Begin MonoManager ReloadAssembly
Native extension for WindowsStandalone target not found
Refreshing native plugins compatible for Editor in 0.73 ms, found 6 plugins.
Preloading 2 native plugins for Editor in 0.16 ms.
[Package Manager] Server::EnsureServerProcessIsRunning -- launch failed, reason: Unity was launched with the -noUpm command-line argument
[Package Manager] Cannot connect to Unity Package Manager local server
Mono: successfully reloaded assembly
- Completed reload, in  1.663 seconds
Domain Reload Profiling:
	ReloadAssembly (1664ms)
		BeginReloadAssembly (198ms)
			ExecutionOrderSort (0ms)
			DisableScriptedObjects (8ms)
			BackupInstance (0ms)
			ReleaseScriptingObjects (0ms)
			CreateAndSetChildDomain (56ms)
		EndReloadAssembly (1359ms)
			LoadAssemblies (115ms)
			RebuildTransferFunctionScriptingTraits (0ms)
			SetupTypeCache (345ms)
			ReleaseScriptCaches (1ms)
			RebuildScriptCaches (53ms)
			SetupLoadedEditorAssemblies (814ms)
				LogAssemblyErrors (0ms)
				InitializePlatformSupportModulesInManaged (6ms)
				SetLoadedEditorAssemblies (1ms)
				RefreshPlugins (1ms)
				BeforeProcessingInitializeOnLoad (71ms)
				ProcessInitializeOnLoadAttributes (673ms)
				ProcessInitializeOnLoadMethodAttributes (49ms)
				AfterProcessingInitializeOnLoad (12ms)
				EditorAssembliesLoaded (0ms)
			ExecutionOrderSort2 (0ms)
			AwakeInstancesAfterBackupRestoration (13ms)
Platform modules already initialized, skipping
Refreshing native plugins compatible for Editor in 0.96 ms, found 6 plugins.
Preloading 2 native plugins for Editor in 0.16 ms.
Unloading 3094 Unused Serialized files (Serialized files now loaded: 0)
Unloading 42 unused Assets / (54.2 KB). Loaded Objects now: 3938.
Memory consumption went from 131.2 MB to 131.1 MB.
Total: 4.456200 ms (FindLiveObjects: 0.321400 ms CreateObjectMapping: 0.462600 ms MarkObjects: 3.589200 ms  DeleteObjects: 0.081700 ms)

AssetImportParameters requested are different than current active one (requested -> active):
  custom:video-decoder-ogg-theora: a1e56fd34408186e4bbccfd4996cb3dc -> 
  custom:container-muxer-webm: aa71ff27fc2769a1b78a27578f13a17b -> 
  custom:container-demuxer-webm: 4f35f7cbe854078d1ac9338744f61a02 -> 
  custom:video-encoder-webm-vp8: eb34c28f22e8b96e1ab97ce403110664 -> 
  custom:video-codec-MediaFoundation-h265: 746d11721c4dcdbdad8f713fa42b33f4 -> 
  custom:CustomObjectIndexerAttribute: bc11b3a6c3213fcdd17b65e7da85e133 -> 
  custom:audio-encoder-webm-vorbis: bf7c407c2cedff20999df2af8eb42d56 -> 
  custom:framework-win-MediaFoundation: 216162199b28c13a410421893ffa2e32 -> 
  custom:SearchIndexIgnoredProperties: e643bd26f0fe6173181afceb89e7c659 -> 
  custom:container-demuxer-ogg: 62fdf1f143b41e24485cea50d1cbac27 -> 
  custom:video-decoder-webm-vp8: 9c59270c3fd7afecdb556c50c9e8de78 -> 
  custom:audio-decoder-ogg-vorbis: bf7c407c2cedff20999df2af8eb42d56 -> 
